Vivado Simulator v2022.1
Copyright 1986-1999, 2001-2022 Xilinx, Inc. All Rights Reserved.
Running: D:/XILINX/Vivado/2022.1/bin/unwrapped/win64.o/xelab.exe --incr --debug typical --relax --mt 2 -L xil_defaultlib -L uvm -L unisims_ver -L unimacro_ver -L secureip --snapshot pipeline_behav xil_defaultlib.pipeline xil_defaultlib.glbl -log elaborate.log 
Using 2 slave threads.
Starting static elaboration
Pass Through NonSizing Optimizer
WARNING: [VRFC 10-3823] variable 'PCSrcE' might have multiple concurrent drivers [C:/Users/Robles/Downloads/g10_lab5/Pipeline/Pipeline.srcs/sources_1/imports/sources_1/imports/IF stage files/pipeline.sv:101]
WARNING: [VRFC 10-3823] variable 'ResultSrcD' might have multiple concurrent drivers [C:/Users/Robles/Downloads/g10_lab5/Pipeline/Pipeline.srcs/sources_1/imports/sources_1/new/controller.sv:25]
WARNING: [VRFC 10-3823] variable 'AluSrcD' might have multiple concurrent drivers [C:/Users/Robles/Downloads/g10_lab5/Pipeline/Pipeline.srcs/sources_1/imports/sources_1/new/controller.sv:26]
WARNING: [VRFC 10-3823] variable 'AluControlD' might have multiple concurrent drivers [C:/Users/Robles/Downloads/g10_lab5/Pipeline/Pipeline.srcs/sources_1/imports/sources_1/new/controller.sv:27]
Completed static elaboration
Starting simulation data flow analysis
Completed simulation data flow analysis
Time Resolution for simulation is 1ps
Compiling module xil_defaultlib.mux2(WIDTH=32)
Compiling module xil_defaultlib.flopr(WIDTH=32)
Compiling module xil_defaultlib.adder
Compiling module xil_defaultlib.imem
Compiling module xil_defaultlib.if_id
Compiling module xil_defaultlib.ifetch
Compiling module xil_defaultlib.maindec
Compiling module xil_defaultlib.aludec
Compiling module xil_defaultlib.controller
Compiling module xil_defaultlib.extend
Compiling module xil_defaultlib.regfile
Compiling module xil_defaultlib.id_ex
Compiling module xil_defaultlib.IDecode
Compiling module xil_defaultlib.alu
Compiling module xil_defaultlib.Ex_Mem
Compiling module xil_defaultlib.Execute
Compiling module xil_defaultlib.dmem
Compiling module xil_defaultlib.Mem_WB
Compiling module xil_defaultlib.MemStg
Compiling module xil_defaultlib.mux3(WIDTH=32)
Compiling module xil_defaultlib.WBStg
Compiling module xil_defaultlib.pipeline
Compiling module xil_defaultlib.glbl
Built simulation snapshot pipeline_behav
