
*** Running vivado
    with args -log pipeline.vds -m64 -product Vivado -mode batch -messageDb vivado.pb -notrace -source pipeline.tcl



****** Vivado v2022.1 (64-bit)
  **** SW Build 3526262 on Mon Apr 18 15:48:16 MDT 2022
  **** IP Build 3524634 on Mon Apr 18 20:55:01 MDT 2022
    ** Copyright 1986-2022 Xilinx, Inc. All Rights Reserved.

source pipeline.tcl -notrace
Command: synth_design -top pipeline -part xc7k70tfbv676-1
Starting synth_design
Attempting to get a license for feature 'Synthesis' and/or device 'xc7k70t'
INFO: [Common 17-349] Got license for feature 'Synthesis' and/or device 'xc7k70t'
INFO: [Synth 8-7079] Multithreading enabled for synth_design using a maximum of 2 processes.
INFO: [Synth 8-7078] Launching helper process for spawning children vivado processes
INFO: [Synth 8-7075] Helper process launched with PID 9920
---------------------------------------------------------------------------------
Starting Synthesize : Time (s): cpu = 00:00:06 ; elapsed = 00:00:07 . Memory (MB): peak = 1287.039 ; gain = 0.000
---------------------------------------------------------------------------------

*** Running vivado
    with args -log pipeline.vds -m64 -product Vivado -mode batch -messageDb vivado.pb -notrace -source pipeline.tcl



****** Vivado v2022.1 (64-bit)
  **** SW Build 3526262 on Mon Apr 18 15:48:16 MDT 2022
  **** IP Build 3524634 on Mon Apr 18 20:55:01 MDT 2022
    ** Copyright 1986-2022 Xilinx, Inc. All Rights Reserved.

source pipeline.tcl -notrace
Command: synth_design -top pipeline -part xc7k70tfbv676-1
Starting synth_design
Attempting to get a license for feature 'Synthesis' and/or device 'xc7k70t'
INFO: [Common 17-349] Got license for feature 'Synthesis' and/or device 'xc7k70t'
INFO: [Synth 8-7079] Multithreading enabled for synth_design using a maximum of 2 processes.
INFO: [Synth 8-7078] Launching helper process for spawning children vivado processes
INFO: [Synth 8-7075] Helper process launched with PID 22520
---------------------------------------------------------------------------------
Starting Synthesize : Time (s): cpu = 00:00:05 ; elapsed = 00:00:06 . Memory (MB): peak = 1283.746 ; gain = 0.000
---------------------------------------------------------------------------------
INFO: [Synth 8-6157] synthesizing module 'pipeline' [C:/Users/Robles/Downloads/g10_lab5/Pipeline/Pipeline.srcs/sources_1/imports/sources_1/imports/IF stage files/pipeline.sv:2]
INFO: [Synth 8-251] Time	         ResultW   [C:/Users/Robles/Downloads/g10_lab5/Pipeline/Pipeline.srcs/sources_1/imports/sources_1/imports/IF stage files/pipeline.sv:108]
WARNING: [Synth 8-85] always block has no event control specified [C:/Users/Robles/Downloads/g10_lab5/Pipeline/Pipeline.srcs/sources_1/imports/sources_1/imports/IF stage files/pipeline.sv:14]
INFO: [Synth 8-6157] synthesizing module 'ifetch' [C:/Users/Robles/Downloads/g10_lab5/Pipeline/Pipeline.srcs/sources_1/imports/sources_1/imports/IF stage files/ifetch.sv:2]
INFO: [Synth 8-6157] synthesizing module 'mux2' [C:/Users/Robles/Downloads/g10_lab5/Pipeline/Pipeline.srcs/sources_1/imports/sources_1/imports/IF stage files/mux.sv:1]
	Parameter WIDTH bound to: 32 - type: integer 
INFO: [Synth 8-6155] done synthesizing module 'mux2' (0#1) [C:/Users/Robles/Downloads/g10_lab5/Pipeline/Pipeline.srcs/sources_1/imports/sources_1/imports/IF stage files/mux.sv:1]
INFO: [Synth 8-6157] synthesizing module 'flopr' [C:/Users/Robles/Downloads/g10_lab5/Pipeline/Pipeline.srcs/sources_1/imports/sources_1/imports/IF stage files/flopr.sv:1]
	Parameter WIDTH bound to: 32 - type: integer 
INFO: [Synth 8-6155] done synthesizing module 'flopr' (0#1) [C:/Users/Robles/Downloads/g10_lab5/Pipeline/Pipeline.srcs/sources_1/imports/sources_1/imports/IF stage files/flopr.sv:1]
INFO: [Synth 8-6157] synthesizing module 'adder' [C:/Users/Robles/Downloads/g10_lab5/Pipeline/Pipeline.srcs/sources_1/imports/sources_1/imports/IF stage files/adder.sv:1]
INFO: [Synth 8-6155] done synthesizing module 'adder' (0#1) [C:/Users/Robles/Downloads/g10_lab5/Pipeline/Pipeline.srcs/sources_1/imports/sources_1/imports/IF stage files/adder.sv:1]
INFO: [Synth 8-6157] synthesizing module 'imem' [C:/Users/Robles/Downloads/g10_lab5/Pipeline/Pipeline.srcs/sources_1/imports/sources_1/imports/IF stage files/imem.sv:1]
CRITICAL WARNING: [Synth 8-4445] could not open $readmem data file 'riscvcode.txt'; please make sure the file is added to project and has read permission, ignoring [C:/Users/Robles/Downloads/g10_lab5/Pipeline/Pipeline.srcs/sources_1/imports/sources_1/imports/IF stage files/imem.sv:7]
INFO: [Synth 8-6155] done synthesizing module 'imem' (0#1) [C:/Users/Robles/Downloads/g10_lab5/Pipeline/Pipeline.srcs/sources_1/imports/sources_1/imports/IF stage files/imem.sv:1]
INFO: [Synth 8-6157] synthesizing module 'if_id' [C:/Users/Robles/Downloads/g10_lab5/Pipeline/Pipeline.srcs/sources_1/imports/sources_1/imports/IF stage files/if_id.sv:1]
INFO: [Synth 8-6155] done synthesizing module 'if_id' (0#1) [C:/Users/Robles/Downloads/g10_lab5/Pipeline/Pipeline.srcs/sources_1/imports/sources_1/imports/IF stage files/if_id.sv:1]
INFO: [Synth 8-6155] done synthesizing module 'ifetch' (0#1) [C:/Users/Robles/Downloads/g10_lab5/Pipeline/Pipeline.srcs/sources_1/imports/sources_1/imports/IF stage files/ifetch.sv:2]
INFO: [Synth 8-6157] synthesizing module 'IDecode' [C:/Users/Robles/Downloads/g10_lab5/Pipeline/Pipeline.srcs/sources_1/imports/sources_1/new/IDecode.sv:2]
INFO: [Synth 8-6157] synthesizing module 'controller' [C:/Users/Robles/Downloads/g10_lab5/Pipeline/Pipeline.srcs/sources_1/imports/sources_1/new/controller.sv:1]
INFO: [Synth 8-6157] synthesizing module 'maindec' [C:/Users/Robles/Downloads/g10_lab5/Pipeline/Pipeline.srcs/sources_1/imports/sources_1/new/maindec.sv:2]
INFO: [Synth 8-6155] done synthesizing module 'maindec' (0#1) [C:/Users/Robles/Downloads/g10_lab5/Pipeline/Pipeline.srcs/sources_1/imports/sources_1/new/maindec.sv:2]
INFO: [Synth 8-6157] synthesizing module 'aludec' [C:/Users/Robles/Downloads/g10_lab5/Pipeline/Pipeline.srcs/sources_1/imports/sources_1/new/aludec.sv:1]
INFO: [Synth 8-155] case statement is not full and has no default [C:/Users/Robles/Downloads/g10_lab5/Pipeline/Pipeline.srcs/sources_1/imports/sources_1/new/aludec.sv:11]
INFO: [Synth 8-6155] done synthesizing module 'aludec' (0#1) [C:/Users/Robles/Downloads/g10_lab5/Pipeline/Pipeline.srcs/sources_1/imports/sources_1/new/aludec.sv:1]
INFO: [Synth 8-6155] done synthesizing module 'controller' (0#1) [C:/Users/Robles/Downloads/g10_lab5/Pipeline/Pipeline.srcs/sources_1/imports/sources_1/new/controller.sv:1]
INFO: [Synth 8-6157] synthesizing module 'extend' [C:/Users/Robles/Downloads/g10_lab5/Pipeline/Pipeline.srcs/sources_1/imports/sources_1/new/extend.sv:1]
INFO: [Synth 8-226] default block is never used [C:/Users/Robles/Downloads/g10_lab5/Pipeline/Pipeline.srcs/sources_1/imports/sources_1/new/extend.sv:6]
INFO: [Synth 8-6155] done synthesizing module 'extend' (0#1) [C:/Users/Robles/Downloads/g10_lab5/Pipeline/Pipeline.srcs/sources_1/imports/sources_1/new/extend.sv:1]
INFO: [Synth 8-6157] synthesizing module 'regfile' [C:/Users/Robles/Downloads/g10_lab5/Pipeline/Pipeline.srcs/sources_1/imports/sources_1/new/regfile.sv:1]
INFO: [Synth 8-6155] done synthesizing module 'regfile' (0#1) [C:/Users/Robles/Downloads/g10_lab5/Pipeline/Pipeline.srcs/sources_1/imports/sources_1/new/regfile.sv:1]
INFO: [Synth 8-6157] synthesizing module 'id_ex' [C:/Users/Robles/Downloads/g10_lab5/Pipeline/Pipeline.srcs/sources_1/imports/sources_1/new/id_ex.sv:3]
INFO: [Synth 8-6155] done synthesizing module 'id_ex' (0#1) [C:/Users/Robles/Downloads/g10_lab5/Pipeline/Pipeline.srcs/sources_1/imports/sources_1/new/id_ex.sv:3]
INFO: [Synth 8-6155] done synthesizing module 'IDecode' (0#1) [C:/Users/Robles/Downloads/g10_lab5/Pipeline/Pipeline.srcs/sources_1/imports/sources_1/new/IDecode.sv:2]
INFO: [Synth 8-6157] synthesizing module 'Execute' [C:/Users/Robles/Downloads/g10_lab5/Pipeline/Pipeline.srcs/sources_1/imports/sources_1/new/Execute.sv:3]
INFO: [Synth 8-6157] synthesizing module 'alu' [C:/Users/Robles/Downloads/g10_lab5/Pipeline/Pipeline.srcs/sources_1/imports/sources_1/new/alu.sv:1]
INFO: [Synth 8-6155] done synthesizing module 'alu' (0#1) [C:/Users/Robles/Downloads/g10_lab5/Pipeline/Pipeline.srcs/sources_1/imports/sources_1/new/alu.sv:1]
INFO: [Synth 8-6157] synthesizing module 'Ex_Mem' [C:/Users/Robles/Downloads/g10_lab5/Pipeline/Pipeline.srcs/sources_1/imports/sources_1/new/Ex_Mem.sv:2]
INFO: [Synth 8-6155] done synthesizing module 'Ex_Mem' (0#1) [C:/Users/Robles/Downloads/g10_lab5/Pipeline/Pipeline.srcs/sources_1/imports/sources_1/new/Ex_Mem.sv:2]
INFO: [Synth 8-6155] done synthesizing module 'Execute' (0#1) [C:/Users/Robles/Downloads/g10_lab5/Pipeline/Pipeline.srcs/sources_1/imports/sources_1/new/Execute.sv:3]
INFO: [Synth 8-6157] synthesizing module 'MemStg' [C:/Users/Robles/Downloads/g10_lab5/Pipeline/Pipeline.srcs/sources_1/imports/sources_1/new/MemStg.sv:3]
INFO: [Synth 8-6157] synthesizing module 'dmem' [C:/Users/Robles/Downloads/g10_lab5/Pipeline/Pipeline.srcs/sources_1/imports/sources_1/new/dmem.sv:1]
CRITICAL WARNING: [Synth 8-4445] could not open $readmem data file 'data.txt'; please make sure the file is added to project and has read permission, ignoring [C:/Users/Robles/Downloads/g10_lab5/Pipeline/Pipeline.srcs/sources_1/imports/sources_1/new/dmem.sv:7]
INFO: [Synth 8-6155] done synthesizing module 'dmem' (0#1) [C:/Users/Robles/Downloads/g10_lab5/Pipeline/Pipeline.srcs/sources_1/imports/sources_1/new/dmem.sv:1]
INFO: [Synth 8-6157] synthesizing module 'Mem_WB' [C:/Users/Robles/Downloads/g10_lab5/Pipeline/Pipeline.srcs/sources_1/imports/sources_1/new/Mem_WB.sv:2]
INFO: [Synth 8-6155] done synthesizing module 'Mem_WB' (0#1) [C:/Users/Robles/Downloads/g10_lab5/Pipeline/Pipeline.srcs/sources_1/imports/sources_1/new/Mem_WB.sv:2]
INFO: [Synth 8-6155] done synthesizing module 'MemStg' (0#1) [C:/Users/Robles/Downloads/g10_lab5/Pipeline/Pipeline.srcs/sources_1/imports/sources_1/new/MemStg.sv:3]
INFO: [Synth 8-6157] synthesizing module 'WBStg' [C:/Users/Robles/Downloads/g10_lab5/Pipeline/Pipeline.srcs/sources_1/imports/sources_1/new/WBStg.sv:3]
INFO: [Synth 8-6157] synthesizing module 'mux3' [C:/Users/Robles/Downloads/g10_lab5/Pipeline/Pipeline.srcs/sources_1/imports/sources_1/imports/IF stage files/mux.sv:9]
	Parameter WIDTH bound to: 32 - type: integer 
INFO: [Synth 8-6155] done synthesizing module 'mux3' (0#1) [C:/Users/Robles/Downloads/g10_lab5/Pipeline/Pipeline.srcs/sources_1/imports/sources_1/imports/IF stage files/mux.sv:9]
INFO: [Synth 8-6155] done synthesizing module 'WBStg' (0#1) [C:/Users/Robles/Downloads/g10_lab5/Pipeline/Pipeline.srcs/sources_1/imports/sources_1/new/WBStg.sv:3]
INFO: [Synth 8-6155] done synthesizing module 'pipeline' (0#1) [C:/Users/Robles/Downloads/g10_lab5/Pipeline/Pipeline.srcs/sources_1/imports/sources_1/imports/IF stage files/pipeline.sv:2]
WARNING: [Synth 8-4767] Trying to implement RAM ' ' in registers. Block RAM or DRAM implementation is not possible; see log for reasons.
	1: Unable to determine number of words or word size in RAM. 
	2: No valid read/write found for RAM. 
RAM dissolved into registers
WARNING: [Synth 8-3848] Net RAM in module/entity imem does not have driver. [C:/Users/Robles/Downloads/g10_lab5/Pipeline/Pipeline.srcs/sources_1/imports/sources_1/imports/IF stage files/imem.sv:4]
WARNING: [Synth 8-3848] Net RAM in module/entity imem does not have driver. [C:/Users/Robles/Downloads/g10_lab5/Pipeline/Pipeline.srcs/sources_1/imports/sources_1/imports/IF stage files/imem.sv:4]
WARNING: [Synth 8-3848] Net RAM in module/entity imem does not have driver. [C:/Users/Robles/Downloads/g10_lab5/Pipeline/Pipeline.srcs/sources_1/imports/sources_1/imports/IF stage files/imem.sv:4]
WARNING: [Synth 8-3848] Net RAM in module/entity imem does not have driver. [C:/Users/Robles/Downloads/g10_lab5/Pipeline/Pipeline.srcs/sources_1/imports/sources_1/imports/IF stage files/imem.sv:4]
WARNING: [Synth 8-3848] Net RAM in module/entity imem does not have driver. [C:/Users/Robles/Downloads/g10_lab5/Pipeline/Pipeline.srcs/sources_1/imports/sources_1/imports/IF stage files/imem.sv:4]
WARNING: [Synth 8-3848] Net RAM in module/entity imem does not have driver. [C:/Users/Robles/Downloads/g10_lab5/Pipeline/Pipeline.srcs/sources_1/imports/sources_1/imports/IF stage files/imem.sv:4]
WARNING: [Synth 8-3848] Net RAM in module/entity imem does not have driver. [C:/Users/Robles/Downloads/g10_lab5/Pipeline/Pipeline.srcs/sources_1/imports/sources_1/imports/IF stage files/imem.sv:4]
WARNING: [Synth 8-3848] Net RAM in module/entity imem does not have driver. [C:/Users/Robles/Downloads/g10_lab5/Pipeline/Pipeline.srcs/sources_1/imports/sources_1/imports/IF stage files/imem.sv:4]
WARNING: [Synth 8-3848] Net RAM in module/entity imem does not have driver. [C:/Users/Robles/Downloads/g10_lab5/Pipeline/Pipeline.srcs/sources_1/imports/sources_1/imports/IF stage files/imem.sv:4]
WARNING: [Synth 8-3848] Net RAM in module/entity imem does not have driver. [C:/Users/Robles/Downloads/g10_lab5/Pipeline/Pipeline.srcs/sources_1/imports/sources_1/imports/IF stage files/imem.sv:4]
WARNING: [Synth 8-3848] Net RAM in module/entity imem does not have driver. [C:/Users/Robles/Downloads/g10_lab5/Pipeline/Pipeline.srcs/sources_1/imports/sources_1/imports/IF stage files/imem.sv:4]
WARNING: [Synth 8-3848] Net RAM in module/entity imem does not have driver. [C:/Users/Robles/Downloads/g10_lab5/Pipeline/Pipeline.srcs/sources_1/imports/sources_1/imports/IF stage files/imem.sv:4]
WARNING: [Synth 8-3848] Net RAM in module/entity imem does not have driver. [C:/Users/Robles/Downloads/g10_lab5/Pipeline/Pipeline.srcs/sources_1/imports/sources_1/imports/IF stage files/imem.sv:4]
WARNING: [Synth 8-3848] Net RAM in module/entity imem does not have driver. [C:/Users/Robles/Downloads/g10_lab5/Pipeline/Pipeline.srcs/sources_1/imports/sources_1/imports/IF stage files/imem.sv:4]
WARNING: [Synth 8-3848] Net RAM in module/entity imem does not have driver. [C:/Users/Robles/Downloads/g10_lab5/Pipeline/Pipeline.srcs/sources_1/imports/sources_1/imports/IF stage files/imem.sv:4]
WARNING: [Synth 8-3848] Net RAM in module/entity imem does not have driver. [C:/Users/Robles/Downloads/g10_lab5/Pipeline/Pipeline.srcs/sources_1/imports/sources_1/imports/IF stage files/imem.sv:4]
WARNING: [Synth 8-3848] Net RAM in module/entity imem does not have driver. [C:/Users/Robles/Downloads/g10_lab5/Pipeline/Pipeline.srcs/sources_1/imports/sources_1/imports/IF stage files/imem.sv:4]
WARNING: [Synth 8-3848] Net RAM in module/entity imem does not have driver. [C:/Users/Robles/Downloads/g10_lab5/Pipeline/Pipeline.srcs/sources_1/imports/sources_1/imports/IF stage files/imem.sv:4]
WARNING: [Synth 8-3848] Net RAM in module/entity imem does not have driver. [C:/Users/Robles/Downloads/g10_lab5/Pipeline/Pipeline.srcs/sources_1/imports/sources_1/imports/IF stage files/imem.sv:4]
WARNING: [Synth 8-3848] Net RAM in module/entity imem does not have driver. [C:/Users/Robles/Downloads/g10_lab5/Pipeline/Pipeline.srcs/sources_1/imports/sources_1/imports/IF stage files/imem.sv:4]
WARNING: [Synth 8-3848] Net RAM in module/entity imem does not have driver. [C:/Users/Robles/Downloads/g10_lab5/Pipeline/Pipeline.srcs/sources_1/imports/sources_1/imports/IF stage files/imem.sv:4]
WARNING: [Synth 8-3848] Net RAM in module/entity imem does not have driver. [C:/Users/Robles/Downloads/g10_lab5/Pipeline/Pipeline.srcs/sources_1/imports/sources_1/imports/IF stage files/imem.sv:4]
WARNING: [Synth 8-3848] Net RAM in module/entity imem does not have driver. [C:/Users/Robles/Downloads/g10_lab5/Pipeline/Pipeline.srcs/sources_1/imports/sources_1/imports/IF stage files/imem.sv:4]
WARNING: [Synth 8-3848] Net RAM in module/entity imem does not have driver. [C:/Users/Robles/Downloads/g10_lab5/Pipeline/Pipeline.srcs/sources_1/imports/sources_1/imports/IF stage files/imem.sv:4]
WARNING: [Synth 8-3848] Net RAM in module/entity imem does not have driver. [C:/Users/Robles/Downloads/g10_lab5/Pipeline/Pipeline.srcs/sources_1/imports/sources_1/imports/IF stage files/imem.sv:4]
WARNING: [Synth 8-3848] Net RAM in module/entity imem does not have driver. [C:/Users/Robles/Downloads/g10_lab5/Pipeline/Pipeline.srcs/sources_1/imports/sources_1/imports/IF stage files/imem.sv:4]
WARNING: [Synth 8-3848] Net RAM in module/entity imem does not have driver. [C:/Users/Robles/Downloads/g10_lab5/Pipeline/Pipeline.srcs/sources_1/imports/sources_1/imports/IF stage files/imem.sv:4]
WARNING: [Synth 8-3848] Net RAM in module/entity imem does not have driver. [C:/Users/Robles/Downloads/g10_lab5/Pipeline/Pipeline.srcs/sources_1/imports/sources_1/imports/IF stage files/imem.sv:4]
WARNING: [Synth 8-3848] Net RAM in module/entity imem does not have driver. [C:/Users/Robles/Downloads/g10_lab5/Pipeline/Pipeline.srcs/sources_1/imports/sources_1/imports/IF stage files/imem.sv:4]
WARNING: [Synth 8-3848] Net RAM in module/entity imem does not have driver. [C:/Users/Robles/Downloads/g10_lab5/Pipeline/Pipeline.srcs/sources_1/imports/sources_1/imports/IF stage files/imem.sv:4]
WARNING: [Synth 8-3848] Net RAM in module/entity imem does not have driver. [C:/Users/Robles/Downloads/g10_lab5/Pipeline/Pipeline.srcs/sources_1/imports/sources_1/imports/IF stage files/imem.sv:4]
WARNING: [Synth 8-3848] Net RAM in module/entity imem does not have driver. [C:/Users/Robles/Downloads/g10_lab5/Pipeline/Pipeline.srcs/sources_1/imports/sources_1/imports/IF stage files/imem.sv:4]
WARNING: [Synth 8-3848] Net RAM in module/entity imem does not have driver. [C:/Users/Robles/Downloads/g10_lab5/Pipeline/Pipeline.srcs/sources_1/imports/sources_1/imports/IF stage files/imem.sv:4]
WARNING: [Synth 8-3848] Net RAM in module/entity imem does not have driver. [C:/Users/Robles/Downloads/g10_lab5/Pipeline/Pipeline.srcs/sources_1/imports/sources_1/imports/IF stage files/imem.sv:4]
WARNING: [Synth 8-3848] Net RAM in module/entity imem does not have driver. [C:/Users/Robles/Downloads/g10_lab5/Pipeline/Pipeline.srcs/sources_1/imports/sources_1/imports/IF stage files/imem.sv:4]
WARNING: [Synth 8-3848] Net RAM in module/entity imem does not have driver. [C:/Users/Robles/Downloads/g10_lab5/Pipeline/Pipeline.srcs/sources_1/imports/sources_1/imports/IF stage files/imem.sv:4]
WARNING: [Synth 8-3848] Net RAM in module/entity imem does not have driver. [C:/Users/Robles/Downloads/g10_lab5/Pipeline/Pipeline.srcs/sources_1/imports/sources_1/imports/IF stage files/imem.sv:4]
WARNING: [Synth 8-3848] Net RAM in module/entity imem does not have driver. [C:/Users/Robles/Downloads/g10_lab5/Pipeline/Pipeline.srcs/sources_1/imports/sources_1/imports/IF stage files/imem.sv:4]
WARNING: [Synth 8-3848] Net RAM in module/entity imem does not have driver. [C:/Users/Robles/Downloads/g10_lab5/Pipeline/Pipeline.srcs/sources_1/imports/sources_1/imports/IF stage files/imem.sv:4]
WARNING: [Synth 8-3848] Net RAM in module/entity imem does not have driver. [C:/Users/Robles/Downloads/g10_lab5/Pipeline/Pipeline.srcs/sources_1/imports/sources_1/imports/IF stage files/imem.sv:4]
WARNING: [Synth 8-3848] Net RAM in module/entity imem does not have driver. [C:/Users/Robles/Downloads/g10_lab5/Pipeline/Pipeline.srcs/sources_1/imports/sources_1/imports/IF stage files/imem.sv:4]
WARNING: [Synth 8-3848] Net RAM in module/entity imem does not have driver. [C:/Users/Robles/Downloads/g10_lab5/Pipeline/Pipeline.srcs/sources_1/imports/sources_1/imports/IF stage files/imem.sv:4]
WARNING: [Synth 8-3848] Net RAM in module/entity imem does not have driver. [C:/Users/Robles/Downloads/g10_lab5/Pipeline/Pipeline.srcs/sources_1/imports/sources_1/imports/IF stage files/imem.sv:4]
WARNING: [Synth 8-3848] Net RAM in module/entity imem does not have driver. [C:/Users/Robles/Downloads/g10_lab5/Pipeline/Pipeline.srcs/sources_1/imports/sources_1/imports/IF stage files/imem.sv:4]
WARNING: [Synth 8-3848] Net RAM in module/entity imem does not have driver. [C:/Users/Robles/Downloads/g10_lab5/Pipeline/Pipeline.srcs/sources_1/imports/sources_1/imports/IF stage files/imem.sv:4]
WARNING: [Synth 8-3848] Net RAM in module/entity imem does not have driver. [C:/Users/Robles/Downloads/g10_lab5/Pipeline/Pipeline.srcs/sources_1/imports/sources_1/imports/IF stage files/imem.sv:4]
WARNING: [Synth 8-3848] Net RAM in module/entity imem does not have driver. [C:/Users/Robles/Downloads/g10_lab5/Pipeline/Pipeline.srcs/sources_1/imports/sources_1/imports/IF stage files/imem.sv:4]
WARNING: [Synth 8-3848] Net RAM in module/entity imem does not have driver. [C:/Users/Robles/Downloads/g10_lab5/Pipeline/Pipeline.srcs/sources_1/imports/sources_1/imports/IF stage files/imem.sv:4]
WARNING: [Synth 8-3848] Net RAM in module/entity imem does not have driver. [C:/Users/Robles/Downloads/g10_lab5/Pipeline/Pipeline.srcs/sources_1/imports/sources_1/imports/IF stage files/imem.sv:4]
WARNING: [Synth 8-3848] Net RAM in module/entity imem does not have driver. [C:/Users/Robles/Downloads/g10_lab5/Pipeline/Pipeline.srcs/sources_1/imports/sources_1/imports/IF stage files/imem.sv:4]
WARNING: [Synth 8-3848] Net RAM in module/entity imem does not have driver. [C:/Users/Robles/Downloads/g10_lab5/Pipeline/Pipeline.srcs/sources_1/imports/sources_1/imports/IF stage files/imem.sv:4]
WARNING: [Synth 8-3848] Net RAM in module/entity imem does not have driver. [C:/Users/Robles/Downloads/g10_lab5/Pipeline/Pipeline.srcs/sources_1/imports/sources_1/imports/IF stage files/imem.sv:4]
WARNING: [Synth 8-3848] Net RAM in module/entity imem does not have driver. [C:/Users/Robles/Downloads/g10_lab5/Pipeline/Pipeline.srcs/sources_1/imports/sources_1/imports/IF stage files/imem.sv:4]
WARNING: [Synth 8-3848] Net RAM in module/entity imem does not have driver. [C:/Users/Robles/Downloads/g10_lab5/Pipeline/Pipeline.srcs/sources_1/imports/sources_1/imports/IF stage files/imem.sv:4]
WARNING: [Synth 8-3848] Net RAM in module/entity imem does not have driver. [C:/Users/Robles/Downloads/g10_lab5/Pipeline/Pipeline.srcs/sources_1/imports/sources_1/imports/IF stage files/imem.sv:4]
WARNING: [Synth 8-3848] Net RAM in module/entity imem does not have driver. [C:/Users/Robles/Downloads/g10_lab5/Pipeline/Pipeline.srcs/sources_1/imports/sources_1/imports/IF stage files/imem.sv:4]
WARNING: [Synth 8-3848] Net RAM in module/entity imem does not have driver. [C:/Users/Robles/Downloads/g10_lab5/Pipeline/Pipeline.srcs/sources_1/imports/sources_1/imports/IF stage files/imem.sv:4]
WARNING: [Synth 8-3848] Net RAM in module/entity imem does not have driver. [C:/Users/Robles/Downloads/g10_lab5/Pipeline/Pipeline.srcs/sources_1/imports/sources_1/imports/IF stage files/imem.sv:4]
WARNING: [Synth 8-3848] Net RAM in module/entity imem does not have driver. [C:/Users/Robles/Downloads/g10_lab5/Pipeline/Pipeline.srcs/sources_1/imports/sources_1/imports/IF stage files/imem.sv:4]
WARNING: [Synth 8-3848] Net RAM in module/entity imem does not have driver. [C:/Users/Robles/Downloads/g10_lab5/Pipeline/Pipeline.srcs/sources_1/imports/sources_1/imports/IF stage files/imem.sv:4]
WARNING: [Synth 8-3848] Net RAM in module/entity imem does not have driver. [C:/Users/Robles/Downloads/g10_lab5/Pipeline/Pipeline.srcs/sources_1/imports/sources_1/imports/IF stage files/imem.sv:4]
WARNING: [Synth 8-3848] Net RAM in module/entity imem does not have driver. [C:/Users/Robles/Downloads/g10_lab5/Pipeline/Pipeline.srcs/sources_1/imports/sources_1/imports/IF stage files/imem.sv:4]
WARNING: [Synth 8-3848] Net RAM in module/entity imem does not have driver. [C:/Users/Robles/Downloads/g10_lab5/Pipeline/Pipeline.srcs/sources_1/imports/sources_1/imports/IF stage files/imem.sv:4]
WARNING: [Synth 8-3848] Net RAM in module/entity imem does not have driver. [C:/Users/Robles/Downloads/g10_lab5/Pipeline/Pipeline.srcs/sources_1/imports/sources_1/imports/IF stage files/imem.sv:4]
WARNING: [Synth 8-87] always_comb on 'AluControlD_reg' did not result in combinational logic [C:/Users/Robles/Downloads/g10_lab5/Pipeline/Pipeline.srcs/sources_1/imports/sources_1/new/aludec.sv:13]
WARNING: [Synth 8-7129] Port a[31] in module dmem is either unconnected or has no load
WARNING: [Synth 8-7129] Port a[30] in module dmem is either unconnected or has no load
WARNING: [Synth 8-7129] Port a[29] in module dmem is either unconnected or has no load
WARNING: [Synth 8-7129] Port a[28] in module dmem is either unconnected or has no load
WARNING: [Synth 8-7129] Port a[27] in module dmem is either unconnected or has no load
WARNING: [Synth 8-7129] Port a[26] in module dmem is either unconnected or has no load
WARNING: [Synth 8-7129] Port a[25] in module dmem is either unconnected or has no load
WARNING: [Synth 8-7129] Port a[24] in module dmem is either unconnected or has no load
WARNING: [Synth 8-7129] Port a[23] in module dmem is either unconnected or has no load
WARNING: [Synth 8-7129] Port a[22] in module dmem is either unconnected or has no load
WARNING: [Synth 8-7129] Port a[21] in module dmem is either unconnected or has no load
WARNING: [Synth 8-7129] Port a[20] in module dmem is either unconnected or has no load
WARNING: [Synth 8-7129] Port a[19] in module dmem is either unconnected or has no load
WARNING: [Synth 8-7129] Port a[18] in module dmem is either unconnected or has no load
WARNING: [Synth 8-7129] Port a[17] in module dmem is either unconnected or has no load
WARNING: [Synth 8-7129] Port a[16] in module dmem is either unconnected or has no load
WARNING: [Synth 8-7129] Port a[15] in module dmem is either unconnected or has no load
WARNING: [Synth 8-7129] Port a[14] in module dmem is either unconnected or has no load
WARNING: [Synth 8-7129] Port a[13] in module dmem is either unconnected or has no load
WARNING: [Synth 8-7129] Port a[12] in module dmem is either unconnected or has no load
WARNING: [Synth 8-7129] Port a[11] in module dmem is either unconnected or has no load
WARNING: [Synth 8-7129] Port a[10] in module dmem is either unconnected or has no load
WARNING: [Synth 8-7129] Port a[9] in module dmem is either unconnected or has no load
WARNING: [Synth 8-7129] Port a[8] in module dmem is either unconnected or has no load
WARNING: [Synth 8-7129] Port a[1] in module dmem is either unconnected or has no load
WARNING: [Synth 8-7129] Port a[0] in module dmem is either unconnected or has no load
WARNING: [Synth 8-7129] Port a[31] in module imem is either unconnected or has no load
WARNING: [Synth 8-7129] Port a[30] in module imem is either unconnected or has no load
WARNING: [Synth 8-7129] Port a[29] in module imem is either unconnected or has no load
WARNING: [Synth 8-7129] Port a[28] in module imem is either unconnected or has no load
WARNING: [Synth 8-7129] Port a[27] in module imem is either unconnected or has no load
WARNING: [Synth 8-7129] Port a[26] in module imem is either unconnected or has no load
WARNING: [Synth 8-7129] Port a[25] in module imem is either unconnected or has no load
WARNING: [Synth 8-7129] Port a[24] in module imem is either unconnected or has no load
WARNING: [Synth 8-7129] Port a[23] in module imem is either unconnected or has no load
WARNING: [Synth 8-7129] Port a[22] in module imem is either unconnected or has no load
WARNING: [Synth 8-7129] Port a[21] in module imem is either unconnected or has no load
WARNING: [Synth 8-7129] Port a[20] in module imem is either unconnected or has no load
WARNING: [Synth 8-7129] Port a[19] in module imem is either unconnected or has no load
WARNING: [Synth 8-7129] Port a[18] in module imem is either unconnected or has no load
WARNING: [Synth 8-7129] Port a[17] in module imem is either unconnected or has no load
WARNING: [Synth 8-7129] Port a[16] in module imem is either unconnected or has no load
WARNING: [Synth 8-7129] Port a[15] in module imem is either unconnected or has no load
WARNING: [Synth 8-7129] Port a[14] in module imem is either unconnected or has no load
WARNING: [Synth 8-7129] Port a[13] in module imem is either unconnected or has no load
WARNING: [Synth 8-7129] Port a[12] in module imem is either unconnected or has no load
WARNING: [Synth 8-7129] Port a[11] in module imem is either unconnected or has no load
WARNING: [Synth 8-7129] Port a[10] in module imem is either unconnected or has no load
WARNING: [Synth 8-7129] Port a[9] in module imem is either unconnected or has no load
WARNING: [Synth 8-7129] Port a[8] in module imem is either unconnected or has no load
WARNING: [Synth 8-7129] Port a[1] in module imem is either unconnected or has no load
WARNING: [Synth 8-7129] Port a[0] in module imem is either unconnected or has no load
---------------------------------------------------------------------------------
Finished Synthesize : Time (s): cpu = 00:00:07 ; elapsed = 00:00:08 . Memory (MB): peak = 1283.746 ; gain = 0.000
---------------------------------------------------------------------------------
---------------------------------------------------------------------------------
Finished Constraint Validation : Time (s): cpu = 00:00:08 ; elapsed = 00:00:09 . Memory (MB): peak = 1283.746 ; gain = 0.000
---------------------------------------------------------------------------------
---------------------------------------------------------------------------------
Start Loading Part and Timing Information
---------------------------------------------------------------------------------
Loading part: xc7k70tfbv676-1
---------------------------------------------------------------------------------
INFO: [Device 21-403] Loading part xc7k70tfbv676-1
Finished Loading Part and Timing Information : Time (s): cpu = 00:00:08 ; elapsed = 00:00:09 . Memory (MB): peak = 1283.746 ; gain = 0.000
---------------------------------------------------------------------------------
WARNING: [Synth 8-327] inferring latch for variable 'AluControlD_reg' [C:/Users/Robles/Downloads/g10_lab5/Pipeline/Pipeline.srcs/sources_1/imports/sources_1/new/aludec.sv:13]
---------------------------------------------------------------------------------
Finished RTL Optimization Phase 2 : Time (s): cpu = 00:00:08 ; elapsed = 00:00:09 . Memory (MB): peak = 1283.746 ; gain = 0.000
---------------------------------------------------------------------------------
No constraint files found.
---------------------------------------------------------------------------------
Start RTL Component Statistics 
---------------------------------------------------------------------------------
Detailed RTL Component Info : 
+---Adders : 
	   2 Input   32 Bit       Adders := 2     
	   3 Input   32 Bit       Adders := 1     
+---XORs : 
	   2 Input     32 Bit         XORs := 1     
	   3 Input      1 Bit         XORs := 1     
	   2 Input      1 Bit         XORs := 1     
+---Registers : 
	               32 Bit    Registers := 15    
	                5 Bit    Registers := 3     
	                3 Bit    Registers := 1     
	                2 Bit    Registers := 3     
	                1 Bit    Registers := 8     
+---Muxes : 
	   2 Input   32 Bit        Muxes := 7     
	   4 Input   32 Bit        Muxes := 1     
	   7 Input   11 Bit        Muxes := 1     
	   4 Input    3 Bit        Muxes := 1     
	   5 Input    3 Bit        Muxes := 1     
	   4 Input    1 Bit        Muxes := 2     
---------------------------------------------------------------------------------
Finished RTL Component Statistics 
---------------------------------------------------------------------------------
---------------------------------------------------------------------------------
Start Part Resource Summary
---------------------------------------------------------------------------------
Part Resources:
DSPs: 240 (col length:80)
BRAMs: 270 (col length: RAMB18 80 RAMB36 40)
---------------------------------------------------------------------------------
Finished Part Resource Summary
---------------------------------------------------------------------------------
No constraint files found.
---------------------------------------------------------------------------------
Start Cross Boundary and Area Optimization
---------------------------------------------------------------------------------
WARNING: [Synth 8-7080] Parallel synthesis criteria is not met
WARNING: [Synth 8-4767] Trying to implement RAM 'IDecode1/regfile1/rf_reg' in registers. Block RAM or DRAM implementation is not possible; see log for reasons.
Reason is one or more of the following :
	1: No valid clock found for write to RAM. 
RAM "IDecode1/regfile1/rf_reg" dissolved into registers
WARNING: [Synth 8-4767] Trying to implement RAM 'MemStg1/dmem1/RAM_reg' in registers. Block RAM or DRAM implementation is not possible; see log for reasons.
Reason is one or more of the following :
	1: No valid clock found for write to RAM. 
RAM "MemStg1/dmem1/RAM_reg" dissolved into registers
WARNING: [Synth 8-7129] Port a[31] in module imem is either unconnected or has no load
WARNING: [Synth 8-7129] Port a[30] in module imem is either unconnected or has no load
WARNING: [Synth 8-7129] Port a[29] in module imem is either unconnected or has no load
WARNING: [Synth 8-7129] Port a[28] in module imem is either unconnected or has no load
WARNING: [Synth 8-7129] Port a[27] in module imem is either unconnected or has no load
WARNING: [Synth 8-7129] Port a[26] in module imem is either unconnected or has no load
WARNING: [Synth 8-7129] Port a[25] in module imem is either unconnected or has no load
WARNING: [Synth 8-7129] Port a[24] in module imem is either unconnected or has no load
WARNING: [Synth 8-7129] Port a[23] in module imem is either unconnected or has no load
WARNING: [Synth 8-7129] Port a[22] in module imem is either unconnected or has no load
WARNING: [Synth 8-7129] Port a[21] in module imem is either unconnected or has no load
WARNING: [Synth 8-7129] Port a[20] in module imem is either unconnected or has no load
WARNING: [Synth 8-7129] Port a[19] in module imem is either unconnected or has no load
WARNING: [Synth 8-7129] Port a[18] in module imem is either unconnected or has no load
WARNING: [Synth 8-7129] Port a[17] in module imem is either unconnected or has no load
WARNING: [Synth 8-7129] Port a[16] in module imem is either unconnected or has no load
WARNING: [Synth 8-7129] Port a[15] in module imem is either unconnected or has no load
WARNING: [Synth 8-7129] Port a[14] in module imem is either unconnected or has no load
WARNING: [Synth 8-7129] Port a[13] in module imem is either unconnected or has no load
WARNING: [Synth 8-7129] Port a[12] in module imem is either unconnected or has no load
WARNING: [Synth 8-7129] Port a[11] in module imem is either unconnected or has no load
WARNING: [Synth 8-7129] Port a[10] in module imem is either unconnected or has no load
WARNING: [Synth 8-7129] Port a[9] in module imem is either unconnected or has no load
WARNING: [Synth 8-7129] Port a[8] in module imem is either unconnected or has no load
WARNING: [Synth 8-7129] Port a[1] in module imem is either unconnected or has no load
WARNING: [Synth 8-7129] Port a[0] in module imem is either unconnected or has no load
WARNING: [Synth 8-3332] Sequential element (IDecode1/c/ad/AluControlD_reg[2]) is unused and will be removed from module pipeline.
WARNING: [Synth 8-3332] Sequential element (IDecode1/c/ad/AluControlD_reg[1]) is unused and will be removed from module pipeline.
WARNING: [Synth 8-3332] Sequential element (IDecode1/c/ad/AluControlD_reg[0]) is unused and will be removed from module pipeline.
WARNING: [Synth 8-3332] Sequential element (IDecode1/regfile1/rf_reg[0][31]) is unused and will be removed from module pipeline.
WARNING: [Synth 8-3332] Sequential element (IDecode1/regfile1/rf_reg[0][30]) is unused and will be removed from module pipeline.
WARNING: [Synth 8-3332] Sequential element (IDecode1/regfile1/rf_reg[0][29]) is unused and will be removed from module pipeline.
WARNING: [Synth 8-3332] Sequential element (IDecode1/regfile1/rf_reg[0][28]) is unused and will be removed from module pipeline.
WARNING: [Synth 8-3332] Sequential element (IDecode1/regfile1/rf_reg[0][27]) is unused and will be removed from module pipeline.
WARNING: [Synth 8-3332] Sequential element (IDecode1/regfile1/rf_reg[0][26]) is unused and will be removed from module pipeline.
WARNING: [Synth 8-3332] Sequential element (IDecode1/regfile1/rf_reg[0][25]) is unused and will be removed from module pipeline.
WARNING: [Synth 8-3332] Sequential element (IDecode1/regfile1/rf_reg[0][24]) is unused and will be removed from module pipeline.
WARNING: [Synth 8-3332] Sequential element (IDecode1/regfile1/rf_reg[0][23]) is unused and will be removed from module pipeline.
WARNING: [Synth 8-3332] Sequential element (IDecode1/regfile1/rf_reg[0][22]) is unused and will be removed from module pipeline.
WARNING: [Synth 8-3332] Sequential element (IDecode1/regfile1/rf_reg[0][21]) is unused and will be removed from module pipeline.
WARNING: [Synth 8-3332] Sequential element (IDecode1/regfile1/rf_reg[0][20]) is unused and will be removed from module pipeline.
WARNING: [Synth 8-3332] Sequential element (IDecode1/regfile1/rf_reg[0][19]) is unused and will be removed from module pipeline.
WARNING: [Synth 8-3332] Sequential element (IDecode1/regfile1/rf_reg[0][18]) is unused and will be removed from module pipeline.
WARNING: [Synth 8-3332] Sequential element (IDecode1/regfile1/rf_reg[0][17]) is unused and will be removed from module pipeline.
WARNING: [Synth 8-3332] Sequential element (IDecode1/regfile1/rf_reg[0][16]) is unused and will be removed from module pipeline.
WARNING: [Synth 8-3332] Sequential element (IDecode1/regfile1/rf_reg[0][15]) is unused and will be removed from module pipeline.
WARNING: [Synth 8-3332] Sequential element (IDecode1/regfile1/rf_reg[0][14]) is unused and will be removed from module pipeline.
WARNING: [Synth 8-3332] Sequential element (IDecode1/regfile1/rf_reg[0][13]) is unused and will be removed from module pipeline.
WARNING: [Synth 8-3332] Sequential element (IDecode1/regfile1/rf_reg[0][12]) is unused and will be removed from module pipeline.
WARNING: [Synth 8-3332] Sequential element (IDecode1/regfile1/rf_reg[0][11]) is unused and will be removed from module pipeline.
WARNING: [Synth 8-3332] Sequential element (IDecode1/regfile1/rf_reg[0][10]) is unused and will be removed from module pipeline.
WARNING: [Synth 8-3332] Sequential element (IDecode1/regfile1/rf_reg[0][9]) is unused and will be removed from module pipeline.
WARNING: [Synth 8-3332] Sequential element (IDecode1/regfile1/rf_reg[0][8]) is unused and will be removed from module pipeline.
WARNING: [Synth 8-3332] Sequential element (IDecode1/regfile1/rf_reg[0][7]) is unused and will be removed from module pipeline.
WARNING: [Synth 8-3332] Sequential element (IDecode1/regfile1/rf_reg[0][6]) is unused and will be removed from module pipeline.
WARNING: [Synth 8-3332] Sequential element (IDecode1/regfile1/rf_reg[0][5]) is unused and will be removed from module pipeline.
WARNING: [Synth 8-3332] Sequential element (IDecode1/regfile1/rf_reg[0][4]) is unused and will be removed from module pipeline.
WARNING: [Synth 8-3332] Sequential element (IDecode1/regfile1/rf_reg[0][3]) is unused and will be removed from module pipeline.
WARNING: [Synth 8-3332] Sequential element (IDecode1/regfile1/rf_reg[0][2]) is unused and will be removed from module pipeline.
WARNING: [Synth 8-3332] Sequential element (IDecode1/regfile1/rf_reg[0][1]) is unused and will be removed from module pipeline.
WARNING: [Synth 8-3332] Sequential element (IDecode1/regfile1/rf_reg[0][0]) is unused and will be removed from module pipeline.
WARNING: [Synth 8-3332] Sequential element (IDecode1/regfile1/rf_reg[1][31]) is unused and will be removed from module pipeline.
WARNING: [Synth 8-3332] Sequential element (IDecode1/regfile1/rf_reg[1][30]) is unused and will be removed from module pipeline.
WARNING: [Synth 8-3332] Sequential element (IDecode1/regfile1/rf_reg[1][29]) is unused and will be removed from module pipeline.
WARNING: [Synth 8-3332] Sequential element (IDecode1/regfile1/rf_reg[1][28]) is unused and will be removed from module pipeline.
WARNING: [Synth 8-3332] Sequential element (IDecode1/regfile1/rf_reg[1][27]) is unused and will be removed from module pipeline.
WARNING: [Synth 8-3332] Sequential element (IDecode1/regfile1/rf_reg[1][26]) is unused and will be removed from module pipeline.
WARNING: [Synth 8-3332] Sequential element (IDecode1/regfile1/rf_reg[1][25]) is unused and will be removed from module pipeline.
WARNING: [Synth 8-3332] Sequential element (IDecode1/regfile1/rf_reg[1][24]) is unused and will be removed from module pipeline.
WARNING: [Synth 8-3332] Sequential element (IDecode1/regfile1/rf_reg[1][23]) is unused and will be removed from module pipeline.
WARNING: [Synth 8-3332] Sequential element (IDecode1/regfile1/rf_reg[1][22]) is unused and will be removed from module pipeline.
WARNING: [Synth 8-3332] Sequential element (IDecode1/regfile1/rf_reg[1][21]) is unused and will be removed from module pipeline.
WARNING: [Synth 8-3332] Sequential element (IDecode1/regfile1/rf_reg[1][20]) is unused and will be removed from module pipeline.
WARNING: [Synth 8-3332] Sequential element (IDecode1/regfile1/rf_reg[1][19]) is unused and will be removed from module pipeline.
WARNING: [Synth 8-3332] Sequential element (IDecode1/regfile1/rf_reg[1][18]) is unused and will be removed from module pipeline.
WARNING: [Synth 8-3332] Sequential element (IDecode1/regfile1/rf_reg[1][17]) is unused and will be removed from module pipeline.
WARNING: [Synth 8-3332] Sequential element (IDecode1/regfile1/rf_reg[1][16]) is unused and will be removed from module pipeline.
WARNING: [Synth 8-3332] Sequential element (IDecode1/regfile1/rf_reg[1][15]) is unused and will be removed from module pipeline.
WARNING: [Synth 8-3332] Sequential element (IDecode1/regfile1/rf_reg[1][14]) is unused and will be removed from module pipeline.
WARNING: [Synth 8-3332] Sequential element (IDecode1/regfile1/rf_reg[1][13]) is unused and will be removed from module pipeline.
WARNING: [Synth 8-3332] Sequential element (IDecode1/regfile1/rf_reg[1][12]) is unused and will be removed from module pipeline.
WARNING: [Synth 8-3332] Sequential element (IDecode1/regfile1/rf_reg[1][11]) is unused and will be removed from module pipeline.
WARNING: [Synth 8-3332] Sequential element (IDecode1/regfile1/rf_reg[1][10]) is unused and will be removed from module pipeline.
WARNING: [Synth 8-3332] Sequential element (IDecode1/regfile1/rf_reg[1][9]) is unused and will be removed from module pipeline.
WARNING: [Synth 8-3332] Sequential element (IDecode1/regfile1/rf_reg[1][8]) is unused and will be removed from module pipeline.
WARNING: [Synth 8-3332] Sequential element (IDecode1/regfile1/rf_reg[1][7]) is unused and will be removed from module pipeline.
WARNING: [Synth 8-3332] Sequential element (IDecode1/regfile1/rf_reg[1][6]) is unused and will be removed from module pipeline.
WARNING: [Synth 8-3332] Sequential element (IDecode1/regfile1/rf_reg[1][5]) is unused and will be removed from module pipeline.
WARNING: [Synth 8-3332] Sequential element (IDecode1/regfile1/rf_reg[1][4]) is unused and will be removed from module pipeline.
WARNING: [Synth 8-3332] Sequential element (IDecode1/regfile1/rf_reg[1][3]) is unused and will be removed from module pipeline.
WARNING: [Synth 8-3332] Sequential element (IDecode1/regfile1/rf_reg[1][2]) is unused and will be removed from module pipeline.
WARNING: [Synth 8-3332] Sequential element (IDecode1/regfile1/rf_reg[1][1]) is unused and will be removed from module pipeline.
WARNING: [Synth 8-3332] Sequential element (IDecode1/regfile1/rf_reg[1][0]) is unused and will be removed from module pipeline.
WARNING: [Synth 8-3332] Sequential element (IDecode1/regfile1/rf_reg[2][31]) is unused and will be removed from module pipeline.
WARNING: [Synth 8-3332] Sequential element (IDecode1/regfile1/rf_reg[2][30]) is unused and will be removed from module pipeline.
WARNING: [Synth 8-3332] Sequential element (IDecode1/regfile1/rf_reg[2][29]) is unused and will be removed from module pipeline.
WARNING: [Synth 8-3332] Sequential element (IDecode1/regfile1/rf_reg[2][28]) is unused and will be removed from module pipeline.
WARNING: [Synth 8-3332] Sequential element (IDecode1/regfile1/rf_reg[2][27]) is unused and will be removed from module pipeline.
WARNING: [Synth 8-3332] Sequential element (IDecode1/regfile1/rf_reg[2][26]) is unused and will be removed from module pipeline.
WARNING: [Synth 8-3332] Sequential element (IDecode1/regfile1/rf_reg[2][25]) is unused and will be removed from module pipeline.
WARNING: [Synth 8-3332] Sequential element (IDecode1/regfile1/rf_reg[2][24]) is unused and will be removed from module pipeline.
WARNING: [Synth 8-3332] Sequential element (IDecode1/regfile1/rf_reg[2][23]) is unused and will be removed from module pipeline.
WARNING: [Synth 8-3332] Sequential element (IDecode1/regfile1/rf_reg[2][22]) is unused and will be removed from module pipeline.
WARNING: [Synth 8-3332] Sequential element (IDecode1/regfile1/rf_reg[2][21]) is unused and will be removed from module pipeline.
WARNING: [Synth 8-3332] Sequential element (IDecode1/regfile1/rf_reg[2][20]) is unused and will be removed from module pipeline.
WARNING: [Synth 8-3332] Sequential element (IDecode1/regfile1/rf_reg[2][19]) is unused and will be removed from module pipeline.
WARNING: [Synth 8-3332] Sequential element (IDecode1/regfile1/rf_reg[2][18]) is unused and will be removed from module pipeline.
WARNING: [Synth 8-3332] Sequential element (IDecode1/regfile1/rf_reg[2][17]) is unused and will be removed from module pipeline.
WARNING: [Synth 8-3332] Sequential element (IDecode1/regfile1/rf_reg[2][16]) is unused and will be removed from module pipeline.
WARNING: [Synth 8-3332] Sequential element (IDecode1/regfile1/rf_reg[2][15]) is unused and will be removed from module pipeline.
WARNING: [Synth 8-3332] Sequential element (IDecode1/regfile1/rf_reg[2][14]) is unused and will be removed from module pipeline.
WARNING: [Synth 8-3332] Sequential element (IDecode1/regfile1/rf_reg[2][13]) is unused and will be removed from module pipeline.
WARNING: [Synth 8-3332] Sequential element (IDecode1/regfile1/rf_reg[2][12]) is unused and will be removed from module pipeline.
WARNING: [Synth 8-3332] Sequential element (IDecode1/regfile1/rf_reg[2][11]) is unused and will be removed from module pipeline.
WARNING: [Synth 8-3332] Sequential element (IDecode1/regfile1/rf_reg[2][10]) is unused and will be removed from module pipeline.
WARNING: [Synth 8-3332] Sequential element (IDecode1/regfile1/rf_reg[2][9]) is unused and will be removed from module pipeline.
WARNING: [Synth 8-3332] Sequential element (IDecode1/regfile1/rf_reg[2][8]) is unused and will be removed from module pipeline.
WARNING: [Synth 8-3332] Sequential element (IDecode1/regfile1/rf_reg[2][7]) is unused and will be removed from module pipeline.
WARNING: [Synth 8-3332] Sequential element (IDecode1/regfile1/rf_reg[2][6]) is unused and will be removed from module pipeline.
WARNING: [Synth 8-3332] Sequential element (IDecode1/regfile1/rf_reg[2][5]) is unused and will be removed from module pipeline.
WARNING: [Synth 8-3332] Sequential element (IDecode1/regfile1/rf_reg[2][4]) is unused and will be removed from module pipeline.
WARNING: [Synth 8-3332] Sequential element (IDecode1/regfile1/rf_reg[2][3]) is unused and will be removed from module pipeline.
WARNING: [Synth 8-3332] Sequential element (IDecode1/regfile1/rf_reg[2][2]) is unused and will be removed from module pipeline.
WARNING: [Synth 8-3332] Sequential element (IDecode1/regfile1/rf_reg[2][1]) is unused and will be removed from module pipeline.
WARNING: [Synth 8-3332] Sequential element (IDecode1/regfile1/rf_reg[2][0]) is unused and will be removed from module pipeline.
WARNING: [Synth 8-3332] Sequential element (IDecode1/regfile1/rf_reg[3][31]) is unused and will be removed from module pipeline.
INFO: [Common 17-14] Message 'Synth 8-3332' appears 100 times and further instances of the messages will be disabled. Use the Tcl command set_msg_config to change the current settings.
---------------------------------------------------------------------------------
Finished Cross Boundary and Area Optimization : Time (s): cpu = 00:00:14 ; elapsed = 00:00:21 . Memory (MB): peak = 1283.746 ; gain = 0.000
---------------------------------------------------------------------------------
No constraint files found.
---------------------------------------------------------------------------------
Start Timing Optimization
---------------------------------------------------------------------------------
---------------------------------------------------------------------------------
Finished Timing Optimization : Time (s): cpu = 00:00:14 ; elapsed = 00:00:21 . Memory (MB): peak = 1283.746 ; gain = 0.000
---------------------------------------------------------------------------------
---------------------------------------------------------------------------------
Start Technology Mapping
---------------------------------------------------------------------------------
---------------------------------------------------------------------------------
Finished Technology Mapping : Time (s): cpu = 00:00:14 ; elapsed = 00:00:21 . Memory (MB): peak = 1283.746 ; gain = 0.000
---------------------------------------------------------------------------------
---------------------------------------------------------------------------------
Start IO Insertion
---------------------------------------------------------------------------------
---------------------------------------------------------------------------------
Start Flattening Before IO Insertion
---------------------------------------------------------------------------------
---------------------------------------------------------------------------------
Finished Flattening Before IO Insertion
---------------------------------------------------------------------------------
---------------------------------------------------------------------------------
Start Final Netlist Cleanup
---------------------------------------------------------------------------------
---------------------------------------------------------------------------------
Finished Final Netlist Cleanup
---------------------------------------------------------------------------------
---------------------------------------------------------------------------------
Finished IO Insertion : Time (s): cpu = 00:00:19 ; elapsed = 00:00:26 . Memory (MB): peak = 1283.746 ; gain = 0.000
---------------------------------------------------------------------------------
---------------------------------------------------------------------------------
Start Renaming Generated Instances
---------------------------------------------------------------------------------
---------------------------------------------------------------------------------
Finished Renaming Generated Instances : Time (s): cpu = 00:00:19 ; elapsed = 00:00:26 . Memory (MB): peak = 1283.746 ; gain = 0.000
---------------------------------------------------------------------------------
---------------------------------------------------------------------------------
Start Rebuilding User Hierarchy
---------------------------------------------------------------------------------
---------------------------------------------------------------------------------
Finished Rebuilding User Hierarchy : Time (s): cpu = 00:00:19 ; elapsed = 00:00:26 . Memory (MB): peak = 1283.746 ; gain = 0.000
---------------------------------------------------------------------------------
---------------------------------------------------------------------------------
Start Renaming Generated Ports
---------------------------------------------------------------------------------
---------------------------------------------------------------------------------
Finished Renaming Generated Ports : Time (s): cpu = 00:00:19 ; elapsed = 00:00:26 . Memory (MB): peak = 1283.746 ; gain = 0.000
---------------------------------------------------------------------------------
---------------------------------------------------------------------------------
Start Handling Custom Attributes
---------------------------------------------------------------------------------
---------------------------------------------------------------------------------
Finished Handling Custom Attributes : Time (s): cpu = 00:00:19 ; elapsed = 00:00:26 . Memory (MB): peak = 1283.746 ; gain = 0.000
---------------------------------------------------------------------------------
---------------------------------------------------------------------------------
Start Renaming Generated Nets
---------------------------------------------------------------------------------
---------------------------------------------------------------------------------
Finished Renaming Generated Nets : Time (s): cpu = 00:00:19 ; elapsed = 00:00:26 . Memory (MB): peak = 1283.746 ; gain = 0.000
---------------------------------------------------------------------------------
---------------------------------------------------------------------------------
Start Writing Synthesis Report
---------------------------------------------------------------------------------

Report BlackBoxes: 
+-+--------------+----------+
| |BlackBox name |Instances |
+-+--------------+----------+
+-+--------------+----------+

Report Cell Usage: 
+-+-----+------+
| |Cell |Count |
+-+-----+------+
+-+-----+------+

Report Instance Areas: 
+------+---------+-------+------+
|      |Instance |Module |Cells |
+------+---------+-------+------+
|1     |top      |       |     0|
+------+---------+-------+------+
---------------------------------------------------------------------------------
Finished Writing Synthesis Report : Time (s): cpu = 00:00:19 ; elapsed = 00:00:26 . Memory (MB): peak = 1283.746 ; gain = 0.000
---------------------------------------------------------------------------------
Synthesis finished with 0 errors, 2 critical warnings and 3224 warnings.
Synthesis Optimization Runtime : Time (s): cpu = 00:00:19 ; elapsed = 00:00:26 . Memory (MB): peak = 1283.746 ; gain = 0.000
Synthesis Optimization Complete : Time (s): cpu = 00:00:19 ; elapsed = 00:00:26 . Memory (MB): peak = 1283.746 ; gain = 0.000
INFO: [Project 1-571] Translating synthesized netlist
Netlist sorting complete. Time (s): cpu = 00:00:00 ; elapsed = 00:00:00 . Memory (MB): peak = 1283.746 ; gain = 0.000
INFO: [Project 1-570] Preparing netlist for logic optimization
INFO: [Opt 31-138] Pushed 0 inverter(s) to 0 load pin(s).
Netlist sorting complete. Time (s): cpu = 00:00:00 ; elapsed = 00:00:00 . Memory (MB): peak = 1283.746 ; gain = 0.000
INFO: [Project 1-111] Unisim Transformation Summary:
No Unisim elements were transformed.

Synth Design complete, checksum: 6efd8480
INFO: [Common 17-83] Releasing license: Synthesis
58 Infos, 249 Warnings, 2 Critical Warnings and 0 Errors encountered.
synth_design completed successfully
synth_design: Time (s): cpu = 00:00:20 ; elapsed = 00:00:29 . Memory (MB): peak = 1283.746 ; gain = 0.000
INFO: [runtcl-6] Synthesis results are not added to the cache due to CRITICAL_WARNING
INFO: [Common 17-1381] The checkpoint 'C:/Users/Robles/Downloads/g10_lab5/Pipeline/Pipeline.runs/synth_1/pipeline.dcp' has been generated.
INFO: [runtcl-4] Executing : report_utilization -file pipeline_utilization_synth.rpt -pb pipeline_utilization_synth.pb
INFO: [Common 17-206] Exiting Vivado at Fri Jan 27 11:33:25 2023...
